<?xml version="1.0" encoding="UTF-8"?>
<!-- Generated by org.testng.reporters.JUnitReportReporter -->
<testsuite hostname="DESKTOP-P4E1363" failures="0" tests="1" name="test.mySeleniumTest" time="4.494" errors="0" timestamp="2022-01-17T03:00:34 CST" skipped="0">
  <testcase classname="test.mySeleniumTest" name="mySeleniumTestthis" time="4.494"/>
  <system-out/>
</testsuite> <!-- test.mySeleniumTest -->
